Microsoft HTML Help Compiler 4.74.8702

Compiling d:\OneDrive\CHM试验\AGE OF REBELLION\SW.chm

核心机制.html
骰子.html
img\dice\01.png
img\dice\02.png
img\dice\03.png
img\dice\04.png
img\dice\05.png
img\dice\06.png
img\dice\07.png
img\dice\08.png
img\dice\09.png
img\dice\10.png
img\dice\11.png
img\dice\12.png
img\dice\13.png
img\dice\14.png
img\dice\15.png
img\dice\16.png

Compile time: 0 minutes, 0 seconds
4	Topics
2	Local links
0	Internet links
16	Graphics


Created d:\OneDrive\CHM试验\AGE OF REBELLION\SW.chm, 47,501 bytes
Compression increased file by 5,024 bytes.
